<?xml version='1.0' encoding='UTF-8' standalone='no' ?><?xml-stylesheet type="text/xsl" href="compatibility_result.xsl"?>
<Result start="1643958858921" end="1643959146689" start_display="Fri Feb 04 15:14:18 CST 2022" end_display="Fri Feb 04 15:19:06 CST 2022" command_line_args="cts-dev -m CtsMediaTestCases -t android.media.cts.VideoDecoderPerfTest#testVp8Goog0Perf0320x0180 --retry-strategy ITERATIONS --max-testcase-run-count 10" suite_name="CTS" suite_variant="CTS" suite_version="12_r1" suite_plan="cts-dev" suite_build_number="eng.youmeh.20211218.210725" report_version="5.0" devices="89GX09TF8" host_name="youmehe-ubuntu" os_name="Linux" os_version="5.13.0-27-generic" os_arch="amd64" java_vendor="Oracle Corporation" java_version="11.0.4">
  <Build invocation-id="9" command_line_args="cts-dev -m CtsMediaTestCases -t android.media.cts.VideoDecoderPerfTest#testVp8Goog0Perf0320x0180 --retry-strategy ITERATIONS --max-testcase-run-count 10" adb_version="1.0.41 subVersion: 31.0.2-eng.youmeh.20211124.220925 install path: /home/youmehe/android-12.0.0_r3/out/soong/host/linux-x86/bin/adb" java_version="11.0.4" java_classpath="/home/youmehe/android-12.0.0_r3/out/host/linux-x86/cts/android-cts/tools/compatibility-host-util.jar:/home/youmehe/android-12.0.0_r3/out/host/linux-x86/cts/android-cts/tools/compatibility-tradefed.jar:/home/youmehe/android-12.0.0_r3/out/host/linux-x86/cts/android-cts/tools/cts-tradefed.jar:/home/youmehe/android-12.0.0_r3/out/host/linux-x86/cts/android-cts/tools/cts-tradefed-tests.jar:/home/youmehe/android-12.0.0_r3/out/host/linux-x86/cts/android-cts/tools/loganalysis.jar:/home/youmehe/android-12.0.0_r3/out/host/linux-x86/cts/android-cts/tools/tradefed.jar:/home/youmehe/android-12.0.0_r3/out/host/linux-x86/cts/android-cts/tools/tradefed-no-fwk.jar:/home/youmehe/android-12.0.0_r3/out/host/linux-x86/cts/android-cts/tools/tradefed-test-framework.jar:/home/youmehe/android-12.0.0_r3/out/host/linux-x86/cts/android-cts/testcases/android.core.vm-tests-tf.jar:/home/youmehe/android-12.0.0_r3/out/host/linux-x86/cts/android-cts/testcases/compatibility-host-provider-preconditions.jar:/home/youmehe/android-12.0.0_r3/out/host/linux-x86/cts/android-cts/testcases/compatibility-host-telephony-preconditions.jar:/home/youmehe/android-12.0.0_r3/out/host/linux-x86/cts/android-cts/testcases/compatibility-host-vm-targetprep.jar:/home/youmehe/android-12.0.0_r3/out/host/linux-x86/cts/android-cts/testcases/CtsAbiOverrideHostTestCases.jar:/home/youmehe/android-12.0.0_r3/out/host/linux-x86/cts/android-cts/testcases/CtsAccountsHostTestCases.jar:/home/youmehe/android-12.0.0_r3/out/host/linux-x86/cts/android-cts/testcases/CtsAdbHostTestCases.jar:/home/youmehe/android-12.0.0_r3/out/host/linux-x86/cts/android-cts/testcases/CtsAdbManagerHostTestCases.jar:/home/youmehe/android-12.0.0_r3/out/host/linux-x86/cts/android-cts/testcases/CtsAngleIntegrationHostTestCases.jar:/home/youmehe/android-12.0.0_r3/out/host/linux-x86/cts/android-cts/testcases/CtsApexTestCases.jar:/home/youmehe/android-12.0.0_r3/out/host/linux-x86/cts/android-cts/testcases/CtsAppBindingHostTestCases.jar:/home/youmehe/android-12.0.0_r3/out/host/linux-x86/cts/android-cts/testcases/CtsAppCloningHostTest.jar:/home/youmehe/android-12.0.0_r3/out/host/linux-x86/cts/android-cts/testcases/CtsAppCompatHostTestCases.jar:/home/youmehe/android-12.0.0_r3/out/host/linux-x86/cts/android-cts/testcases/CtsAppSearchHostTestCases.jar:/home/youmehe/android-12.0.0_r3/out/host/linux-x86/cts/android-cts/testcases/CtsAppSecurityHostTestCases.jar:/home/youmehe/android-12.0.0_r3/out/host/linux-x86/cts/android-cts/testcases/CtsAppUsageHostTestCases.jar:/home/youmehe/android-12.0.0_r3/out/host/linux-x86/cts/android-cts/testcases/CtsAtraceHostTestCases.jar:/home/youmehe/android-12.0.0_r3/out/host/linux-x86/cts/android-cts/testcases/CtsBackupHostTestCases.jar:/home/youmehe/android-12.0.0_r3/out/host/linux-x86/cts/android-cts/testcases/CtsBlobStoreHostTestCases.jar:/home/youmehe/android-12.0.0_r3/out/host/linux-x86/cts/android-cts/testcases/CtsBootStatsTestCases.jar:/home/youmehe/android-12.0.0_r3/out/host/linux-x86/cts/android-cts/testcases/CtsCallLogTestCases.jar:/home/youmehe/android-12.0.0_r3/out/host/linux-x86/cts/android-cts/testcases/CtsCarHostTestCases.jar:/home/youmehe/android-12.0.0_r3/out/host/linux-x86/cts/android-cts/testcases/CtsClassloaderSplitsHostTestCases.jar:/home/youmehe/android-12.0.0_r3/out/host/linux-x86/cts/android-cts/testcases/CtsClasspathsTestCases.jar:/home/youmehe/android-12.0.0_r3/out/host/linux-x86/cts/android-cts/testcases/CtsCodePathHostTestCases.jar:/home/youmehe/android-12.0.0_r3/out/host/linux-x86/cts/android-cts/testcases/CtsCompilationTestCases.jar:/home/youmehe/android-12.0.0_r3/out/host/linux-x86/cts/android-cts/testcases/CtsCppToolsTestCases.jar:/home/youmehe/android-12.0.0_r3/out/host/linux-x86/cts/android-cts/testcases/cts-dalvik-device-test-runner.jar:/home/youmehe/android-12.0.0_r3/out/host/linux-x86/cts/android-cts/testcases/cts-dalvik-host-test-runner.jar:/home/youmehe/android-12.0.0_r3/out/host/linux-x86/cts/android-cts/testcases/CtsDeqpTestCases.jar:/home/youmehe/android-12.0.0_r3/out/host/linux-x86/cts/android-cts/testcases/CtsDeviceIdleHostTestCases.jar:/home/youmehe/android-12.0.0_r3/out/host/linux-x86/cts/android-cts/testcases/CtsDevicePolicyManagerTestCases.jar:/home/youmehe/android-12.0.0_r3/out/host/linux-x86/cts/android-cts/testcases/CtsDexMetadataHostTestCases.jar:/home/youmehe/android-12.0.0_r3/out/host/linux-x86/cts/android-cts/testcases/CtsDomainVerificationHostTestCases.jar:/home/youmehe/android-12.0.0_r3/out/host/linux-x86/cts/android-cts/testcases/CtsDumpsysHostTestCases.jar:/home/youmehe/android-12.0.0_r3/out/host/linux-x86/cts/android-cts/testcases/CtsDynamicMimeHostTestCases.jar:/home/youmehe/android-12.0.0_r3/out/host/linux-x86/cts/android-cts/testcases/CtsEdiHostTestCases.jar:/home/youmehe/android-12.0.0_r3/out/host/linux-x86/cts/android-cts/testcases/CtsExtractNativeLibsHostTestCases.jar:/home/youmehe/android-12.0.0_r3/out/host/linux-x86/cts/android-cts/testcases/CtsFrameRateOverrideTestCases.jar:/home/youmehe/android-12.0.0_r3/out/host/linux-x86/cts/android-cts/testcases/CtsGpuProfilingDataTestCases.jar:/home/youmehe/android-12.0.0_r3/out/host/linux-x86/cts/android-cts/testcases/CtsGpuToolsHostTestCases.jar:/home/youmehe/android-12.0.0_r3/out/host/linux-x86/cts/android-cts/testcases/CtsHarmfulAppWarningHostTestCases.jar:/home/youmehe/android-12.0.0_r3/out/host/linux-x86/cts/android-cts/testcases/CtsHdmiCecHostTestCases.jar:/home/youmehe/android-12.0.0_r3/out/host/linux-x86/cts/android-cts/testcases/CtsHostsideHiddenapiTests.jar:/home/youmehe/android-12.0.0_r3/out/host/linux-x86/cts/android-cts/testcases/CtsHostsideNetworkTests.jar:/home/youmehe/android-12.0.0_r3/out/host/linux-x86/cts/android-cts/testcases/CtsHostsideNumberBlockingTestCases.jar:/home/youmehe/android-12.0.0_r3/out/host/linux-x86/cts/android-cts/testcases/CtsHostsideTvTests.jar:/home/youmehe/android-12.0.0_r3/out/host/linux-x86/cts/android-cts/testcases/CtsHostsideWebViewTests.jar:/home/youmehe/android-12.0.0_r3/out/host/linux-x86/cts/android-cts/testcases/CtsHostTzDataTests.jar:/home/youmehe/android-12.0.0_r3/out/host/linux-x86/cts/android-cts/testcases/CtsIcu4cTestCases.jar:/home/youmehe/android-12.0.0_r3/out/host/linux-x86/cts/android-cts/testcases/CtsIncidentHostTestCases.jar:/home/youmehe/android-12.0.0_r3/out/host/linux-x86/cts/android-cts/testcases/CtsIncrementalInstallHostTestCases.jar:/home/youmehe/android-12.0.0_r3/out/host/linux-x86/cts/android-cts/testcases/CtsInputMethodServiceCommon.jar:/home/youmehe/android-12.0.0_r3/out/host/linux-x86/cts/android-cts/testcases/CtsInputMethodServiceHostTestCases.jar:/home/youmehe/android-12.0.0_r3/out/host/linux-x86/cts/android-cts/testcases/CtsInputMethodServiceLib.jar:/home/youmehe/android-12.0.0_r3/out/host/linux-x86/cts/android-cts/testcases/CtsInstalledLoadingProgressHostTests.jar:/home/youmehe/android-12.0.0_r3/out/host/linux-x86/cts/android-cts/testcases/CtsInstallHostTestCases.jar:/home/youmehe/android-12.0.0_r3/out/host/linux-x86/cts/android-cts/testcases/CtsJdwpApp.jar:/home/youmehe/android-12.0.0_r3/out/host/linux-x86/cts/android-cts/testcases/CtsJdwpSecurityHostTestCases.jar:/home/youmehe/android-12.0.0_r3/out/host/linux-x86/cts/android-cts/testcases/CtsJdwpTestCases.jar:/home/youmehe/android-12.0.0_r3/out/host/linux-x86/cts/android-cts/testcases/CtsJdwpTunnelHostTestCases.jar:/home/youmehe/android-12.0.0_r3/out/host/linux-x86/cts/android-cts/testcases/CtsJvmtiAttachingHostTestCases.jar:/home/youmehe/android-12.0.0_r3/out/host/linux-x86/cts/android-cts/testcases/CtsJvmtiRedefineClassesHostTestCases.jar:/home/youmehe/android-12.0.0_r3/out/host/linux-x86/cts/android-cts/testcases/CtsJvmtiRunTest1900HostTestCases.jar:/home/youmehe/android-12.0.0_r3/out/host/linux-x86/cts/android-cts/testcases/CtsJvmtiRunTest1901HostTestCases.jar:/home/youmehe/android-12.0.0_r3/out/host/linux-x86/cts/android-cts/testcases/CtsJvmtiRunTest1902HostTestCases.jar:/home/youmehe/android-12.0.0_r3/out/host/linux-x86/cts/android-cts/testcases/CtsJvmtiRunTest1903HostTestCases.jar:/home/youmehe/android-12.0.0_r3/out/host/linux-x86/cts/android-cts/testcases/CtsJvmtiRunTest1904HostTestCases.jar:/home/youmehe/android-12.0.0_r3/out/host/linux-x86/cts/android-cts/testcases/CtsJvmtiRunTest1906HostTestCases.jar:/home/youmehe/android-12.0.0_r3/out/host/linux-x86/cts/android-cts/testcases/CtsJvmtiRunTest1907HostTestCases.jar:/home/youmehe/android-12.0.0_r3/out/host/linux-x86/cts/android-cts/testcases/CtsJvmtiRunTest1908HostTestCases.jar:/home/youmehe/android-12.0.0_r3/out/host/linux-x86/cts/android-cts/testcases/CtsJvmtiRunTest1909HostTestCases.jar:/home/youmehe/android-12.0.0_r3/out/host/linux-x86/cts/android-cts/testcases/CtsJvmtiRunTest1910HostTestCases.jar:/home/youmehe/android-12.0.0_r3/out/host/linux-x86/cts/android-cts/testcases/CtsJvmtiRunTest1911HostTestCases.jar:/home/youmehe/android-12.0.0_r3/out/host/linux-x86/cts/android-cts/testcases/CtsJvmtiRunTest1912HostTestCases.jar:/home/youmehe/android-12.0.0_r3/out/host/linux-x86/cts/android-cts/testcases/CtsJvmtiRunTest1913HostTestCases.jar:/home/youmehe/android-12.0.0_r3/out/host/linux-x86/cts/android-cts/testcases/CtsJvmtiRunTest1914HostTestCases.jar:/home/youmehe/android-12.0.0_r3/out/host/linux-x86/cts/android-cts/testcases/CtsJvmtiRunTest1915HostTestCases.jar:/home/youmehe/android-12.0.0_r3/out/host/linux-x86/cts/android-cts/testcases/CtsJvmtiRunTest1916HostTestCases.jar:/home/youmehe/android-12.0.0_r3/out/host/linux-x86/cts/android-cts/testcases/CtsJvmtiRunTest1917HostTestCases.jar:/home/youmehe/android-12.0.0_r3/out/host/linux-x86/cts/android-cts/testcases/CtsJvmtiRunTest1920HostTestCases.jar:/home/youmehe/android-12.0.0_r3/out/host/linux-x86/cts/android-cts/testcases/CtsJvmtiRunTest1921HostTestCases.jar:/home/youmehe/android-12.0.0_r3/out/host/linux-x86/cts/android-cts/testcases/CtsJvmtiRunTest1922HostTestCases.jar:/home/youmehe/android-12.0.0_r3/out/host/linux-x86/cts/android-cts/testcases/CtsJvmtiRunTest1923HostTestCases.jar:/home/youmehe/android-12.0.0_r3/out/host/linux-x86/cts/android-cts/testcases/CtsJvmtiRunTest1924HostTestCases.jar:/home/youmehe/android-12.0.0_r3/out/host/linux-x86/cts/android-cts/testcases/CtsJvmtiRunTest1925HostTestCases.jar:/home/youmehe/android-12.0.0_r3/out/host/linux-x86/cts/android-cts/testcases/CtsJvmtiRunTest1926HostTestCases.jar:/home/youmehe/android-12.0.0_r3/out/host/linux-x86/cts/android-cts/testcases/CtsJvmtiRunTest1927HostTestCases.jar:/home/youmehe/android-12.0.0_r3/out/host/linux-x86/cts/android-cts/testcases/CtsJvmtiRunTest1928HostTestCases.jar:/home/youmehe/android-12.0.0_r3/out/host/linux-x86/cts/android-cts/testcases/CtsJvmtiRunTest1930HostTestCases.jar:/home/youmehe/android-12.0.0_r3/out/host/linux-x86/cts/android-cts/testcases/CtsJvmtiRunTest1931HostTestCases.jar:/home/youmehe/android-12.0.0_r3/out/host/linux-x86/cts/android-cts/testcases/CtsJvmtiRunTest1932HostTestCases.jar:/home/youmehe/android-12.0.0_r3/out/host/linux-x86/cts/android-cts/testcases/CtsJvmtiRunTest1933HostTestCases.jar:/home/youmehe/android-12.0.0_r3/out/host/linux-x86/cts/android-cts/testcases/CtsJvmtiRunTest1934HostTestCases.jar:/home/youmehe/android-12.0.0_r3/out/host/linux-x86/cts/android-cts/testcases/CtsJvmtiRunTest1936HostTestCases.jar:/home/youmehe/android-12.0.0_r3/out/host/linux-x86/cts/android-cts/testcases/CtsJvmtiRunTest1937HostTestCases.jar:/home/youmehe/android-12.0.0_r3/out/host/linux-x86/cts/android-cts/testcases/CtsJvmtiRunTest1939HostTestCases.jar:/home/youmehe/android-12.0.0_r3/out/host/linux-x86/cts/android-cts/testcases/CtsJvmtiRunTest1941HostTestCases.jar:/home/youmehe/android-12.0.0_r3/out/host/linux-x86/cts/android-cts/testcases/CtsJvmtiRunTest1942HostTestCases.jar:/home/youmehe/android-12.0.0_r3/out/host/linux-x86/cts/android-cts/testcases/CtsJvmtiRunTest1943HostTestCases.jar:/home/youmehe/android-12.0.0_r3/out/host/linux-x86/cts/android-cts/testcases/CtsJvmtiRunTest1953HostTestCases.jar:/home/youmehe/android-12.0.0_r3/out/host/linux-x86/cts/android-cts/testcases/CtsJvmtiRunTest1958HostTestCases.jar:/home/youmehe/android-12.0.0_r3/out/host/linux-x86/cts/android-cts/testcases/CtsJvmtiRunTest1962HostTestCases.jar:/home/youmehe/android-12.0.0_r3/out/host/linux-x86/cts/android-cts/testcases/CtsJvmtiRunTest1967HostTestCases.jar:/home/youmehe/android-12.0.0_r3/out/host/linux-x86/cts/android-cts/testcases/CtsJvmtiRunTest1968HostTestCases.jar:/home/youmehe/android-12.0.0_r3/out/host/linux-x86/cts/android-cts/testcases/CtsJvmtiRunTest1969HostTestCases.jar:/home/youmehe/android-12.0.0_r3/out/host/linux-x86/cts/android-cts/testcases/CtsJvmtiRunTest1970HostTestCases.jar:/home/youmehe/android-12.0.0_r3/out/host/linux-x86/cts/android-cts/testcases/CtsJvmtiRunTest1971HostTestCases.jar:/home/youmehe/android-12.0.0_r3/out/host/linux-x86/cts/android-cts/testcases/CtsJvmtiRunTest1974HostTestCases.jar:/home/youmehe/android-12.0.0_r3/out/host/linux-x86/cts/android-cts/testcases/CtsJvmtiRunTest1975HostTestCases.jar:/home/youmehe/android-12.0.0_r3/out/host/linux-x86/cts/android-cts/testcases/CtsJvmtiRunTest1976HostTestCases.jar:/home/youmehe/android-12.0.0_r3/out/host/linux-x86/cts/android-cts/testcases/CtsJvmtiRunTest1977HostTestCases.jar:/home/youmehe/android-12.0.0_r3/out/host/linux-x86/cts/android-cts/testcases/CtsJvmtiRunTest1978HostTestCases.jar:/home/youmehe/android-12.0.0_r3/out/host/linux-x86/cts/android-cts/testcases/CtsJvmtiRunTest1979HostTestCases.jar:/home/youmehe/android-12.0.0_r3/out/host/linux-x86/cts/android-cts/testcases/CtsJvmtiRunTest1981HostTestCases.jar:/home/youmehe/android-12.0.0_r3/out/host/linux-x86/cts/android-cts/testcases/CtsJvmtiRunTest1982HostTestCases.jar:/home/youmehe/android-12.0.0_r3/out/host/linux-x86/cts/android-cts/testcases/CtsJvmtiRunTest1983HostTestCases.jar:/home/youmehe/android-12.0.0_r3/out/host/linux-x86/cts/android-cts/testcases/CtsJvmtiRunTest1984HostTestCases.jar:/home/youmehe/android-12.0.0_r3/out/host/linux-x86/cts/android-cts/testcases/CtsJvmtiRunTest1988HostTestCases.jar:/home/youmehe/android-12.0.0_r3/out/host/linux-x86/cts/android-cts/testcases/CtsJvmtiRunTest1989HostTestCases.jar:/home/youmehe/android-12.0.0_r3/out/host/linux-x86/cts/android-cts/testcases/CtsJvmtiRunTest1990HostTestCases.jar:/home/youmehe/android-12.0.0_r3/out/host/linux-x86/cts/android-cts/testcases/CtsJvmtiRunTest1991HostTestCases.jar:/home/youmehe/android-12.0.0_r3/out/host/linux-x86/cts/android-cts/testcases/CtsJvmtiRunTest1992HostTestCases.jar:/home/youmehe/android-12.0.0_r3/out/host/linux-x86/cts/android-cts/testcases/CtsJvmtiRunTest1994HostTestCases.jar:/home/youmehe/android-12.0.0_r3/out/host/linux-x86/cts/android-cts/testcases/CtsJvmtiRunTest1995HostTestCases.jar:/home/youmehe/android-12.0.0_r3/out/host/linux-x86/cts/android-cts/testcases/CtsJvmtiRunTest1996HostTestCases.jar:/home/youmehe/android-12.0.0_r3/out/host/linux-x86/cts/android-cts/testcases/CtsJvmtiRunTest1997HostTestCases.jar:/home/youmehe/android-12.0.0_r3/out/host/linux-x86/cts/android-cts/testcases/CtsJvmtiRunTest1998HostTestCases.jar:/home/youmehe/android-12.0.0_r3/out/host/linux-x86/cts/android-cts/testcases/CtsJvmtiRunTest1999HostTestCases.jar:/home/youmehe/android-12.0.0_r3/out/host/linux-x86/cts/android-cts/testcases/CtsJvmtiRunTest2001HostTestCases.jar:/home/youmehe/android-12.0.0_r3/out/host/linux-x86/cts/android-cts/testcases/CtsJvmtiRunTest2002HostTestCases.jar:/home/youmehe/android-12.0.0_r3/out/host/linux-x86/cts/android-cts/testcases/CtsJvmtiRunTest2003HostTestCases.jar:/home/youmehe/android-12.0.0_r3/out/host/linux-x86/cts/android-cts/testcases/CtsJvmtiRunTest2004HostTestCases.jar:/home/youmehe/android-12.0.0_r3/out/host/linux-x86/cts/android-cts/testcases/CtsJvmtiRunTest2005HostTestCases.jar:/home/youmehe/android-12.0.0_r3/out/host/linux-x86/cts/android-cts/testcases/CtsJvmtiRunTest2006HostTestCases.jar:/home/youmehe/android-12.0.0_r3/out/host/linux-x86/cts/android-cts/testcases/CtsJvmtiRunTest2007HostTestCases.jar:/home/youmehe/android-12.0.0_r3/out/host/linux-x86/cts/android-cts/testcases/CtsJvmtiRunTest902HostTestCases.jar:/home/youmehe/android-12.0.0_r3/out/host/linux-x86/cts/android-cts/testcases/CtsJvmtiRunTest903HostTestCases.jar:/home/youmehe/android-12.0.0_r3/out/host/linux-x86/cts/android-cts/testcases/CtsJvmtiRunTest904HostTestCases.jar:/home/youmehe/android-12.0.0_r3/out/host/linux-x86/cts/android-cts/testcases/CtsJvmtiRunTest905HostTestCases.jar:/home/youmehe/android-12.0.0_r3/out/host/linux-x86/cts/android-cts/testcases/CtsJvmtiRunTest906HostTestCases.jar:/home/youmehe/android-12.0.0_r3/out/host/linux-x86/cts/android-cts/testcases/CtsJvmtiRunTest907HostTestCases.jar:/home/youmehe/android-12.0.0_r3/out/host/linux-x86/cts/android-cts/testcases/CtsJvmtiRunTest908HostTestCases.jar:/home/youmehe/android-12.0.0_r3/out/host/linux-x86/cts/android-cts/testcases/CtsJvmtiRunTest910HostTestCases.jar:/home/youmehe/android-12.0.0_r3/out/host/linux-x86/cts/android-cts/testcases/CtsJvmtiRunTest911HostTestCases.jar:/home/youmehe/android-12.0.0_r3/out/host/linux-x86/cts/android-cts/testcases/CtsJvmtiRunTest912HostTestCases.jar:/home/youmehe/android-12.0.0_r3/out/host/linux-x86/cts/android-cts/testcases/CtsJvmtiRunTest913HostTestCases.jar:/home/youmehe/android-12.0.0_r3/out/host/linux-x86/cts/android-cts/testcases/CtsJvmtiRunTest914HostTestCases.jar:/home/youmehe/android-12.0.0_r3/out/host/linux-x86/cts/android-cts/testcases/CtsJvmtiRunTest915HostTestCases.jar:/home/youmehe/android-12.0.0_r3/out/host/linux-x86/cts/android-cts/testcases/CtsJvmtiRunTest917HostTestCases.jar:/home/youmehe/android-12.0.0_r3/out/host/linux-x86/cts/android-cts/testcases/CtsJvmtiRunTest918HostTestCases.jar:/home/youmehe/android-12.0.0_r3/out/host/linux-x86/cts/android-cts/testcases/CtsJvmtiRunTest919HostTestCases.jar:/home/youmehe/android-12.0.0_r3/out/host/linux-x86/cts/android-cts/testcases/CtsJvmtiRunTest920HostTestCases.jar:/home/youmehe/android-12.0.0_r3/out/host/linux-x86/cts/android-cts/testcases/CtsJvmtiRunTest922HostTestCases.jar:/home/youmehe/android-12.0.0_r3/out/host/linux-x86/cts/android-cts/testcases/CtsJvmtiRunTest923HostTestCases.jar:/home/youmehe/android-12.0.0_r3/out/host/linux-x86/cts/android-cts/testcases/CtsJvmtiRunTest924HostTestCases.jar:/home/youmehe/android-12.0.0_r3/out/host/linux-x86/cts/android-cts/testcases/CtsJvmtiRunTest926HostTestCases.jar:/home/youmehe/android-12.0.0_r3/out/host/linux-x86/cts/android-cts/testcases/CtsJvmtiRunTest927HostTestCases.jar:/home/youmehe/android-12.0.0_r3/out/host/linux-x86/cts/android-cts/testcases/CtsJvmtiRunTest928HostTestCases.jar:/home/youmehe/android-12.0.0_r3/out/host/linux-x86/cts/android-cts/testcases/CtsJvmtiRunTest930HostTestCases.jar:/home/youmehe/android-12.0.0_r3/out/host/linux-x86/cts/android-cts/testcases/CtsJvmtiRunTest931HostTestCases.jar:/home/youmehe/android-12.0.0_r3/out/host/linux-x86/cts/android-cts/testcases/CtsJvmtiRunTest932HostTestCases.jar:/home/youmehe/android-12.0.0_r3/out/host/linux-x86/cts/android-cts/testcases/CtsJvmtiRunTest940HostTestCases.jar:/home/youmehe/android-12.0.0_r3/out/host/linux-x86/cts/android-cts/testcases/CtsJvmtiRunTest942HostTestCases.jar:/home/youmehe/android-12.0.0_r3/out/host/linux-x86/cts/android-cts/testcases/CtsJvmtiRunTest944HostTestCases.jar:/home/youmehe/android-12.0.0_r3/out/host/linux-x86/cts/android-cts/testcases/CtsJvmtiRunTest945HostTestCases.jar:/home/youmehe/android-12.0.0_r3/out/host/linux-x86/cts/android-cts/testcases/CtsJvmtiRunTest947HostTestCases.jar:/home/youmehe/android-12.0.0_r3/out/host/linux-x86/cts/android-cts/testcases/CtsJvmtiRunTest951HostTestCases.jar:/home/youmehe/android-12.0.0_r3/out/host/linux-x86/cts/android-cts/testcases/CtsJvmtiRunTest982HostTestCases.jar:/home/youmehe/android-12.0.0_r3/out/host/linux-x86/cts/android-cts/testcases/CtsJvmtiRunTest983HostTestCases.jar:/home/youmehe/android-12.0.0_r3/out/host/linux-x86/cts/android-cts/testcases/CtsJvmtiRunTest984HostTestCases.jar:/home/youmehe/android-12.0.0_r3/out/host/linux-x86/cts/android-cts/testcases/CtsJvmtiRunTest985HostTestCases.jar:/home/youmehe/android-12.0.0_r3/out/host/linux-x86/cts/android-cts/testcases/CtsJvmtiRunTest986HostTestCases.jar:/home/youmehe/android-12.0.0_r3/out/host/linux-x86/cts/android-cts/testcases/CtsJvmtiRunTest988HostTestCases.jar:/home/youmehe/android-12.0.0_r3/out/host/linux-x86/cts/android-cts/testcases/CtsJvmtiRunTest989HostTestCases.jar:/home/youmehe/android-12.0.0_r3/out/host/linux-x86/cts/android-cts/testcases/CtsJvmtiRunTest990HostTestCases.jar:/home/youmehe/android-12.0.0_r3/out/host/linux-x86/cts/android-cts/testcases/CtsJvmtiRunTest991HostTestCases.jar:/home/youmehe/android-12.0.0_r3/out/host/linux-x86/cts/android-cts/testcases/CtsJvmtiRunTest992HostTestCases.jar:/home/youmehe/android-12.0.0_r3/out/host/linux-x86/cts/android-cts/testcases/CtsJvmtiRunTest993HostTestCases.jar:/home/youmehe/android-12.0.0_r3/out/host/linux-x86/cts/android-cts/testcases/CtsJvmtiRunTest994HostTestCases.jar:/home/youmehe/android-12.0.0_r3/out/host/linux-x86/cts/android-cts/testcases/CtsJvmtiRunTest995HostTestCases.jar:/home/youmehe/android-12.0.0_r3/out/host/linux-x86/cts/android-cts/testcases/CtsJvmtiRunTest996HostTestCases.jar:/home/youmehe/android-12.0.0_r3/out/host/linux-x86/cts/android-cts/testcases/CtsJvmtiRunTest997HostTestCases.jar:/home/youmehe/android-12.0.0_r3/out/host/linux-x86/cts/android-cts/testcases/CtsJvmtiTaggingHostTestCases.jar:/home/youmehe/android-12.0.0_r3/out/host/linux-x86/cts/android-cts/testcases/CtsJvmtiTrackingHostTestCases.jar:/home/youmehe/android-12.0.0_r3/out/host/linux-x86/cts/android-cts/testcases/CtsLocationTimeZoneManagerHostTest.jar:/home/youmehe/android-12.0.0_r3/out/host/linux-x86/cts/android-cts/testcases/CtsMediaBitstreamsTestCases.jar:/home/youmehe/android-12.0.0_r3/out/host/linux-x86/cts/android-cts/testcases/CtsMediaHostTestCases.jar:/home/youmehe/android-12.0.0_r3/out/host/linux-x86/cts/android-cts/testcases/CtsMediaParserHostTestCases.jar:/home/youmehe/android-12.0.0_r3/out/host/linux-x86/cts/android-cts/testcases/CtsMonkeyTestCases.jar:/home/youmehe/android-12.0.0_r3/out/host/linux-x86/cts/android-cts/testcases/CtsMultiUserHostTestCases.jar:/home/youmehe/android-12.0.0_r3/out/host/linux-x86/cts/android-cts/testcases/CtsOsHostTestCases.jar:/home/youmehe/android-12.0.0_r3/out/host/linux-x86/cts/android-cts/testcases/CtsPackageManagerMultiUserHostTestCases.jar:/home/youmehe/android-12.0.0_r3/out/host/linux-x86/cts/android-cts/testcases/CtsPackageManagerParsingHostTestCases.jar:/home/youmehe/android-12.0.0_r3/out/host/linux-x86/cts/android-cts/testcases/CtsPackageManagerPreferredActivityHostTestCases.jar:/home/youmehe/android-12.0.0_r3/out/host/linux-x86/cts/android-cts/testcases/CtsPackageManagerStatsHostTestCases.jar:/home/youmehe/android-12.0.0_r3/out/host/linux-x86/cts/android-cts/testcases/CtsRollbackManagerHostTestCases.jar:/home/youmehe/android-12.0.0_r3/out/host/linux-x86/cts/android-cts/testcases/CtsSampleHostTestCases.jar:/home/youmehe/android-12.0.0_r3/out/host/linux-x86/cts/android-cts/testcases/CtsScopedStorageCoreHostTest.jar:/home/youmehe/android-12.0.0_r3/out/host/linux-x86/cts/android-cts/testcases/CtsScopedStorageHostTest.jar:/home/youmehe/android-12.0.0_r3/out/host/linux-x86/cts/android-cts/testcases/CtsSeccompHostTestCases.jar:/home/youmehe/android-12.0.0_r3/out/host/linux-x86/cts/android-cts/testcases/CtsSecurityBulletinHostTestCases.jar:/home/youmehe/android-12.0.0_r3/out/host/linux-x86/cts/android-cts/testcases/CtsSecurityHostTestCases.jar:/home/youmehe/android-12.0.0_r3/out/host/linux-x86/cts/android-cts/testcases/CtsSettingsHostTestCases.jar:/home/youmehe/android-12.0.0_r3/out/host/linux-x86/cts/android-cts/testcases/CtsShortcutHostTestCases.jar:/home/youmehe/android-12.0.0_r3/out/host/linux-x86/cts/android-cts/testcases/CtsSignedConfigHostTestCases.jar:/home/youmehe/android-12.0.0_r3/out/host/linux-x86/cts/android-cts/testcases/CtsSilentUpdateHostTestCases.jar:/home/youmehe/android-12.0.0_r3/out/host/linux-x86/cts/android-cts/testcases/CtsStagedInstallHostTestCases.jar:/home/youmehe/android-12.0.0_r3/out/host/linux-x86/cts/android-cts/testcases/CtsStatsdAtomHostTestCases.jar:/home/youmehe/android-12.0.0_r3/out/host/linux-x86/cts/android-cts/testcases/CtsStatsdHostTestCases.jar:/home/youmehe/android-12.0.0_r3/out/host/linux-x86/cts/android-cts/testcases/CtsStrictJavaPackagesTestCases.jar:/home/youmehe/android-12.0.0_r3/out/host/linux-x86/cts/android-cts/testcases/CtsSustainedPerformanceHostTestCases.jar:/home/youmehe/android-12.0.0_r3/out/host/linux-x86/cts/android-cts/testcases/CtsSyncContentHostTestCases.jar:/home/youmehe/android-12.0.0_r3/out/host/linux-x86/cts/android-cts/testcases/CtsSystemUiHostTestCases.jar:/home/youmehe/android-12.0.0_r3/out/host/linux-x86/cts/android-cts/testcases/CtsTaggingHostTestCases.jar:/home/youmehe/android-12.0.0_r3/out/host/linux-x86/cts/android-cts/testcases/CtsTelephonyHostCases.jar:/home/youmehe/android-12.0.0_r3/out/host/linux-x86/cts/android-cts/testcases/CtsTelephonyProviderHostCases.jar:/home/youmehe/android-12.0.0_r3/out/host/linux-x86/cts/android-cts/testcases/CtsTestHarnessModeTestCases.jar:/home/youmehe/android-12.0.0_r3/out/host/linux-x86/cts/android-cts/testcases/CtsThemeHostTestCases.jar:/home/youmehe/android-12.0.0_r3/out/host/linux-x86/cts/android-cts/testcases/CtsTrustedVoiceHostTestCases.jar:/home/youmehe/android-12.0.0_r3/out/host/linux-x86/cts/android-cts/testcases/CtsUsbTests.jar:/home/youmehe/android-12.0.0_r3/out/host/linux-x86/cts/android-cts/testcases/CtsUserspaceRebootHostSideTestCases.jar:/home/youmehe/android-12.0.0_r3/out/host/linux-x86/cts/android-cts/testcases/CtsUsesLibraryHostTestCases.jar:/home/youmehe/android-12.0.0_r3/out/host/linux-x86/cts/android-cts/testcases/CtsUsesNativeLibraryTest.jar:/home/youmehe/android-12.0.0_r3/out/host/linux-x86/cts/android-cts/testcases/CtsWifiBroadcastsHostTestCases.jar:/home/youmehe/android-12.0.0_r3/out/host/linux-x86/cts/android-cts/testcases/ICU4CTestRunner.jar:/home/youmehe/android-12.0.0_r3/out/host/linux-x86/cts/android-cts/testcases/jdi-support.jar" server_reference="100b19fe-09d7-49fd-9cb9-c34b7fc0f506" setup_time_ms="1876" tf_fetch_build_start_timestamp="1643958858907" test_crash_failures="10" device_done_timestamp="1643959146582" soft_restart_after_module="1" push_file_time_ms="1790" teardown_disk_usage_bytes="0" tf_dynamic_resolver_pair_timestamp="1643958858895:1643958858907" tf_invocation_start_timestamp="1643958858885" fetch_build_time_ms="5" tf_setup_start_timestamp="1643958859039" tf_teardown_end_timestamp="1643959146545" device_count="1" tf_fetch_build_end_timestamp="1643958858912" tf_fetch_build_pair_timestamp="1643958858907:1643958858912" tf_module_setup_pair_timestamp="1643958863116:1643958876682" tf_setup_end_timestamp="1643958860915" tf_teardown_pair_timestamp="1643959143399:1643959146545" device_release_state="AVAILABLE" tf_test_pair_timestamp="1643958860917:1643959143146" uncaught_test_crash_failures="10" tf_setup_pair_timestamp="1643958859038:1643958859038,1643958859039:1643958860915" tf_teardown_start_timestamp="1643959143399" push_file_count="11" auto_retry_time_ms="236671" tf_module_teardown_pair_timestamp="1643959140198:1643959143045" tf_invocation_end_timestamp="1643959146645" tf_objects_tracking="com.android.compatibility.common.tradefed.targetprep.ApkInstrumentationPreparer=2,com.android.compatibility.common.tradefed.targetprep.ApkPreconditionCheck=1,com.android.compatibility.common.tradefed.testtype.suite.CompatibilityTestSuite=1,com.android.tradefed.testtype.InstrumentationTest=1,com.android.compatibility.common.tradefed.targetprep.PreconditionPreparer=12,com.android.compatibility.common.tradefed.targetprep.PropertyCheck=3,com.android.compatibility.common.tradefed.build.CompatibilityBuildProvider=1,com.android.tradefed.targetprep.DeviceSetup=1,com.android.compatibility.common.tradefed.targetprep.PackageDisabler=1,com.android.tradefed.targetprep.RunCommandTargetPreparer=2,com.android.compatibility.common.tradefed.targetprep.DeviceFileCollector=2,com.android.compatibility.common.tradefed.targetprep.ReportLogCollector=1,com.android.tradefed.testtype.AndroidJUnitTest=1,com.android.compatibility.common.tradefed.targetprep.WifiCheck=1,com.android.tradefed.targetprep.suite.SuiteApkInstaller=1,com.android.compatibility.common.tradefed.targetprep.DynamicConfigPusher=3,com.android.tradefed.targetprep.BaseTargetPreparer=21,com.android.compatibility.common.tradefed.targetprep.DeviceInfoCollector=1,com.android.compatibility.common.tradefed.targetprep.StayAwakePreparer=1,com.android.tradefed.testtype.suite.BaseTestSuite=1,com.android.tradefed.testtype.suite.ITestSuite=1,com.android.compatibility.common.tradefed.targetprep.SettingsPreparer=3,com.android.compatibility.common.tradefed.targetprep.MediaPreparer=1,com.android.tradefed.targetprep.TestAppInstallSetup=1" />
  <Summary pass="0" failed="1" modules_done="1" modules_total="1" />
  <Module name="CtsMediaTestCases" abi="arm64-v8a" runtime="24247" done="true" pass="0" total_tests="1">
    <TestCase name="android.media.cts.VideoDecoderPerfTest">
      <Test result="fail" name="testVp8Goog0Perf0320x0180">
        <Failure message="There were 10 failures:">
          <StackTrace>There were 10 failures:
  junit.framework.AssertionFailedError: Expected achievable frame rates for c2.android.vp8.decoder video/x-vnd.on2.vp8 320x180: [30.0, 31.0].
Measured frame rate: [160.69936363052003, 163.05201157870582].

	at junit.framework.Assert.fail(Assert.java:50)
	at junit.framework.Assert.assertTrue(Assert.java:20)
	at junit.framework.Assert.assertNull(Assert.java:237)
	at android.media.cts.VideoDecoderPerfTest.decode(VideoDecoderPerfTest.java:129)
	at android.media.cts.VideoDecoderPerfTest.perf(VideoDecoderPerfTest.java:339)
	at android.media.cts.VideoDecoderPerfTest.testVp8Goog0Perf0320x0180(VideoDecoderPerfTest.java:860)
	at java.lang.reflect.Method.invoke(Native Method)
	at android.test.InstrumentationTestCase.runMethod(InstrumentationTestCase.java:220)
	at android.test.InstrumentationTestCase.runTest(InstrumentationTestCase.java:205)
	at android.test.ActivityInstrumentationTestCase2.runTest(ActivityInstrumentationTestCase2.java:192)

  junit.framework.AssertionFailedError: Expected achievable frame rates for c2.android.vp8.decoder video/x-vnd.on2.vp8 320x180: [30.0, 31.0].
Measured frame rate: [159.8247188147075, 162.54942108175126].

	at junit.framework.Assert.fail(Assert.java:50)
	at junit.framework.Assert.assertTrue(Assert.java:20)
	at junit.framework.Assert.assertNull(Assert.java:237)
	at android.media.cts.VideoDecoderPerfTest.decode(VideoDecoderPerfTest.java:129)
	at android.media.cts.VideoDecoderPerfTest.perf(VideoDecoderPerfTest.java:339)
	at android.media.cts.VideoDecoderPerfTest.testVp8Goog0Perf0320x0180(VideoDecoderPerfTest.java:860)
	at java.lang.reflect.Method.invoke(Native Method)
	at android.test.InstrumentationTestCase.runMethod(InstrumentationTestCase.java:220)
	at android.test.InstrumentationTestCase.runTest(InstrumentationTestCase.java:205)
	at android.test.ActivityInstrumentationTestCase2.runTest(ActivityInstrumentationTestCase2.java:192)

  junit.framework.AssertionFailedError: Expected achievable frame rates for c2.android.vp8.decoder video/x-vnd.on2.vp8 320x180: [30.0, 31.0].
Measured frame rate: [162.38367126283057, 161.93094097969225].

	at junit.framework.Assert.fail(Assert.java:50)
	at junit.framework.Assert.assertTrue(Assert.java:20)
	at junit.framework.Assert.assertNull(Assert.java:237)
	at android.media.cts.VideoDecoderPerfTest.decode(VideoDecoderPerfTest.java:129)
	at android.media.cts.VideoDecoderPerfTest.perf(VideoDecoderPerfTest.java:339)
	at android.media.cts.VideoDecoderPerfTest.testVp8Goog0Perf0320x0180(VideoDecoderPerfTest.java:860)
	at java.lang.reflect.Method.invoke(Native Method)
	at android.test.InstrumentationTestCase.runMethod(InstrumentationTestCase.java:220)
	at android.test.InstrumentationTestCase.runTest(InstrumentationTestCase.java:205)
	at android.test.ActivityInstrumentationTestCase2.runTest(ActivityInstrumentationTestCase2.java:192)

  junit.framework.AssertionFailedError: Expected achievable frame rates for c2.android.vp8.decoder video/x-vnd.on2.vp8 320x180: [30.0, 31.0].
Measured frame rate: [162.67095606065507, 161.36287080683454].

	at junit.framework.Assert.fail(Assert.java:50)
	at junit.framework.Assert.assertTrue(Assert.java:20)
	at junit.framework.Assert.assertNull(Assert.java:237)
	at android.media.cts.VideoDecoderPerfTest.decode(VideoDecoderPerfTest.java:129)
	at android.media.cts.VideoDecoderPerfTest.perf(VideoDecoderPerfTest.java:339)
	at android.media.cts.VideoDecoderPerfTest.testVp8Goog0Perf0320x0180(VideoDecoderPerfTest.java:860)
	at java.lang.reflect.Method.invoke(Native Method)
	at android.test.InstrumentationTestCase.runMethod(InstrumentationTestCase.java:220)
	at android.test.InstrumentationTestCase.runTest(InstrumentationTestCase.java:205)
	at android.test.ActivityInstrumentationTestCase2.runTest(ActivityInstrumentationTestCase2.java:192)

  junit.framework.AssertionFailedError: Expected achievable frame rates for c2.android.vp8.decoder video/x-vnd.on2.vp8 320x180: [30.0, 31.0].
Measured frame rate: [161.43830499806975, 162.73196839383547].

	at junit.framework.Assert.fail(Assert.java:50)
	at junit.framework.Assert.assertTrue(Assert.java:20)
	at junit.framework.Assert.assertNull(Assert.java:237)
	at android.media.cts.VideoDecoderPerfTest.decode(VideoDecoderPerfTest.java:129)
	at android.media.cts.VideoDecoderPerfTest.perf(VideoDecoderPerfTest.java:339)
	at android.media.cts.VideoDecoderPerfTest.testVp8Goog0Perf0320x0180(VideoDecoderPerfTest.java:860)
	at java.lang.reflect.Method.invoke(Native Method)
	at android.test.InstrumentationTestCase.runMethod(InstrumentationTestCase.java:220)
	at android.test.InstrumentationTestCase.runTest(InstrumentationTestCase.java:205)
	at android.test.ActivityInstrumentationTestCase2.runTest(ActivityInstrumentationTestCase2.java:192)

  junit.framework.AssertionFailedError: Expected achievable frame rates for c2.android.vp8.decoder video/x-vnd.on2.vp8 320x180: [30.0, 31.0].
Measured frame rate: [160.99381481887693, 162.86497588693553].

	at junit.framework.Assert.fail(Assert.java:50)
	at junit.framework.Assert.assertTrue(Assert.java:20)
	at junit.framework.Assert.assertNull(Assert.java:237)
	at android.media.cts.VideoDecoderPerfTest.decode(VideoDecoderPerfTest.java:129)
	at android.media.cts.VideoDecoderPerfTest.perf(VideoDecoderPerfTest.java:339)
	at android.media.cts.VideoDecoderPerfTest.testVp8Goog0Perf0320x0180(VideoDecoderPerfTest.java:860)
	at java.lang.reflect.Method.invoke(Native Method)
	at android.test.InstrumentationTestCase.runMethod(InstrumentationTestCase.java:220)
	at android.test.InstrumentationTestCase.runTest(InstrumentationTestCase.java:205)
	at android.test.ActivityInstrumentationTestCase2.runTest(ActivityInstrumentationTestCase2.java:192)

  junit.framework.AssertionFailedError: Expected achievable frame rates for c2.android.vp8.decoder video/x-vnd.on2.vp8 320x180: [30.0, 31.0].
Measured frame rate: [161.16358103475028, 163.23881839130647].

	at junit.framework.Assert.fail(Assert.java:50)
	at junit.framework.Assert.assertTrue(Assert.java:20)
	at junit.framework.Assert.assertNull(Assert.java:237)
	at android.media.cts.VideoDecoderPerfTest.decode(VideoDecoderPerfTest.java:129)
	at android.media.cts.VideoDecoderPerfTest.perf(VideoDecoderPerfTest.java:339)
	at android.media.cts.VideoDecoderPerfTest.testVp8Goog0Perf0320x0180(VideoDecoderPerfTest.java:860)
	at java.lang.reflect.Method.invoke(Native Method)
	at android.test.InstrumentationTestCase.runMethod(InstrumentationTestCase.java:220)
	at android.test.InstrumentationTestCase.runTest(InstrumentationTestCase.java:205)
	at android.test.ActivityInstrumentationTestCase2.runTest(ActivityInstrumentationTestCase2.java:192)

  junit.framework.AssertionFailedError: Expected achievable frame rates for c2.android.vp8.decoder video/x-vnd.on2.vp8 320x180: [30.0, 31.0].
Measured frame rate: [159.75740988024222, 163.44079983716082].

	at junit.framework.Assert.fail(Assert.java:50)
	at junit.framework.Assert.assertTrue(Assert.java:20)
	at junit.framework.Assert.assertNull(Assert.java:237)
	at android.media.cts.VideoDecoderPerfTest.decode(VideoDecoderPerfTest.java:129)
	at android.media.cts.VideoDecoderPerfTest.perf(VideoDecoderPerfTest.java:339)
	at android.media.cts.VideoDecoderPerfTest.testVp8Goog0Perf0320x0180(VideoDecoderPerfTest.java:860)
	at java.lang.reflect.Method.invoke(Native Method)
	at android.test.InstrumentationTestCase.runMethod(InstrumentationTestCase.java:220)
	at android.test.InstrumentationTestCase.runTest(InstrumentationTestCase.java:205)
	at android.test.ActivityInstrumentationTestCase2.runTest(ActivityInstrumentationTestCase2.java:192)

  junit.framework.AssertionFailedError: Expected achievable frame rates for c2.android.vp8.decoder video/x-vnd.on2.vp8 320x180: [30.0, 31.0].
Measured frame rate: [159.99855095651964, 162.6280696048138].

	at junit.framework.Assert.fail(Assert.java:50)
	at junit.framework.Assert.assertTrue(Assert.java:20)
	at junit.framework.Assert.assertNull(Assert.java:237)
	at android.media.cts.VideoDecoderPerfTest.decode(VideoDecoderPerfTest.java:129)
	at android.media.cts.VideoDecoderPerfTest.perf(VideoDecoderPerfTest.java:339)
	at android.media.cts.VideoDecoderPerfTest.testVp8Goog0Perf0320x0180(VideoDecoderPerfTest.java:860)
	at java.lang.reflect.Method.invoke(Native Method)
	at android.test.InstrumentationTestCase.runMethod(InstrumentationTestCase.java:220)
	at android.test.InstrumentationTestCase.runTest(InstrumentationTestCase.java:205)
	at android.test.ActivityInstrumentationTestCase2.runTest(ActivityInstrumentationTestCase2.java:192)

  junit.framework.AssertionFailedError: Expected achievable frame rates for c2.android.vp8.decoder video/x-vnd.on2.vp8 320x180: [30.0, 31.0].
Measured frame rate: [161.2436724455727, 162.65287855184383].

	at junit.framework.Assert.fail(Assert.java:50)
	at junit.framework.Assert.assertTrue(Assert.java:20)
	at junit.framework.Assert.assertNull(Assert.java:237)
	at android.media.cts.VideoDecoderPerfTest.decode(VideoDecoderPerfTest.java:129)
	at android.media.cts.VideoDecoderPerfTest.perf(VideoDecoderPerfTest.java:339)
	at android.media.cts.VideoDecoderPerfTest.testVp8Goog0Perf0320x0180(VideoDecoderPerfTest.java:860)
	at java.lang.reflect.Method.invoke(Native Method)
	at android.test.InstrumentationTestCase.runMethod(InstrumentationTestCase.java:220)
	at android.test.InstrumentationTestCase.runTest(InstrumentationTestCase.java:205)
	at android.test.ActivityInstrumentationTestCase2.runTest(ActivityInstrumentationTestCase2.java:192)
</StackTrace>
        </Failure>
        <Metric key="COMPATIBILITY_TEST_RESULT">&amp;lt;?xml version='1.0' encoding='UTF-8' standalone='yes' ?&amp;gt;
&amp;lt;Summary&amp;gt;
  &amp;lt;Metric source="android.media.cts.VideoDecoderPerfTest#doDecode:302" message="fps" score_type="higher_better" score_unit="fps"&amp;gt;
    &amp;lt;Value&amp;gt;162.65287855184383&amp;lt;/Value&amp;gt;
  &amp;lt;/Metric&amp;gt;
&amp;lt;/Summary&amp;gt;</Metric>
      </Test>
    </TestCase>
  </Module>
</Result>